<?xml version="1.0" encoding="UTF-8"?>
<!-- Generated by org.testng.reporters.JUnitReportReporter -->
<testsuite hostname="localadmins-MBP" failures="0" tests="1" name="abhatestlabs.TestCases.OnlineCart" time="22.427" errors="0" timestamp="2024-03-27T11:40:17 EDT" skipped="0">
  <testcase classname="abhatestlabs.TestCases.OnlineCart" name="submitOnlineOrde" time="22.427"/>
</testsuite> <!-- abhatestlabs.TestCases.OnlineCart -->
