<?xml version="1.0" encoding="UTF-8"?>
<!-- Generated by org.testng.reporters.JUnitReportReporter -->
<testsuite hostname="localadmins-MBP" failures="0" tests="1" name="abhatestlabs.TestComponents.BaseTest" time="6.889" errors="0" timestamp="2024-03-29T15:51:20 EDT" skipped="0">
  <testcase classname="abhatestlabs.TestComponents.BaseTest" name="testTearDown" time="6.889"/>
</testsuite> <!-- abhatestlabs.TestComponents.BaseTest -->
