<?xml version="1.0" encoding="UTF-8"?>
<!-- Generated by org.testng.reporters.JUnitReportReporter -->
<testsuite hostname="localadmins-MBP" failures="0" tests="4" name="abhatestlabs.TestCases.OnlineCartTest" time="137.292" errors="0" timestamp="2024-04-07T06:26:10 EDT" skipped="0">
  <testcase classname="abhatestlabs.TestCases.OnlineCartTest" name="submitOnlineOrder" time="87.931"/>
  <testcase classname="abhatestlabs.TestCases.OnlineCartTest" name="submitOnlineOrder" time="29.199"/>
  <testcase classname="abhatestlabs.TestCases.OnlineCartTest" name="orderHistory" time="11.249"/>
  <testcase classname="abhatestlabs.TestCases.OnlineCartTest" name="orderHistory" time="8.913"/>
</testsuite> <!-- abhatestlabs.TestCases.OnlineCartTest -->
